#
# A fatal error has been detected by the Java Runtime Environment:
#
# java.lang.OutOfMemoryError: requested 4092 bytes for char in C:\BUILD_AREA\jdk6_20\hotspot\src\share\vm\utilities\stack.inline.hpp. Out of swap space?
#
#  Internal Error (allocation.inline.hpp:39), pid=2452, tid=1816
#  Error: char in C:\BUILD_AREA\jdk6_20\hotspot\src\share\vm\utilities\stack.inline.hpp
#
# JRE version: 6.0_20-b02
# Java VM: Java HotSpot(TM) Client VM (16.3-b01 mixed mode, sharing windows-x86 )
# If you would like to submit a bug report, please visit:
#   http://java.sun.com/webapps/bugreport/crash.jsp
#

---------------  T H R E A D  ---------------

Current thread (0x02afa400):  VMThread [stack: 0x02be0000,0x02c30000] [id=1816]

Stack: [0x02be0000,0x02c30000],  sp=0x02c2f890,  free space=13e02c2f8a0k
Native frames: (J=compiled Java code, j=interpreted, Vv=VM code, C=native code)
V  [jvm.dll+0x1f4180]
V  [jvm.dll+0xa1ebc]
V  [jvm.dll+0x15dd29]
V  [jvm.dll+0x15dd7d]
V  [jvm.dll+0xde573]
V  [jvm.dll+0x15dea6]
V  [jvm.dll+0x1e1ff4]
V  [jvm.dll+0x1a1d4d]
V  [jvm.dll+0xc84cf]
V  [jvm.dll+0xca15c]
V  [jvm.dll+0xca520]
V  [jvm.dll+0xce57a]
V  [jvm.dll+0x1d8762]
V  [jvm.dll+0xc94b8]
V  [jvm.dll+0x7e7cb]
V  [jvm.dll+0x1f45ab]
V  [jvm.dll+0x1f7043]
V  [jvm.dll+0x1f62de]
V  [jvm.dll+0x1f662c]
V  [jvm.dll+0x1f6a52]
V  [jvm.dll+0x17f96c]
C  [msvcr71.dll+0x9565]
C  [kernel32.dll+0xb683]

VM_Operation (0x0090f55c): GenCollectForAllocation, mode: safepoint, requested by thread 0x002a7000


---------------  P R O C E S S  ---------------

Java Threads: ( => current thread )
  0x03024400 JavaThread "Java2D Disposer" daemon [_thread_blocked, id=2100, stack(0x03060000,0x030b0000)]
  0x02f8d800 JavaThread "com.google.gwt.thirdparty.guava.common.base.internal.Finalizer" daemon [_thread_blocked, id=3800, stack(0x030b0000,0x03100000)]
  0x02b0d000 JavaThread "Low Memory Detector" daemon [_thread_blocked, id=700, stack(0x02dc0000,0x02e10000)]
  0x02b07c00 JavaThread "CompilerThread0" daemon [_thread_blocked, id=3284, stack(0x02d70000,0x02dc0000)]
  0x02b06400 JavaThread "Attach Listener" daemon [_thread_blocked, id=3012, stack(0x02d20000,0x02d70000)]
  0x02b05000 JavaThread "Signal Dispatcher" daemon [_thread_blocked, id=3896, stack(0x02cd0000,0x02d20000)]
  0x02afd000 JavaThread "Finalizer" daemon [_thread_blocked, id=3996, stack(0x02c80000,0x02cd0000)]
  0x02afbc00 JavaThread "Reference Handler" daemon [_thread_blocked, id=3448, stack(0x02c30000,0x02c80000)]
  0x002a7000 JavaThread "main" [_thread_blocked, id=508, stack(0x008c0000,0x00910000)]

Other Threads:
=>0x02afa400 VMThread [stack: 0x02be0000,0x02c30000] [id=1816]
  0x02b18800 WatcherThread [stack: 0x02e10000,0x02e60000] [id=2088]

VM state:at safepoint (normal execution)

VM Mutex/Monitor currently owned by a thread:  ([mutex/lock_event])
[0x002a5ec8] Threads_lock - owner thread: 0x02afa400
[0x002a62e0] Heap_lock - owner thread: 0x002a7000

Heap
 def new generation   total 49792K, used 49792K [0x22970000, 0x25f70000, 0x27ec0000)
  eden space 44288K, 100% used [0x22970000, 0x254b0000, 0x254b0000)
  from space 5504K, 100% used [0x254b0000, 0x25a10000, 0x25a10000)
  to   space 5504K, 100% used [0x25a10000, 0x25f70000, 0x25f70000)
 tenured generation   total 115836K, used 115710K [0x27ec0000, 0x2efdf000, 0x32970000)
   the space 115836K,  99% used [0x27ec0000, 0x2efbf898, 0x2efbfa00, 0x2efdf000)
 compacting perm gen  total 12288K, used 6528K [0x32970000, 0x33570000, 0x36970000)
   the space 12288K,  53% used [0x32970000, 0x32fd0210, 0x32fd0400, 0x33570000)
    ro space 10240K,  54% used [0x36970000, 0x36eeb760, 0x36eeb800, 0x37370000)
    rw space 12288K,  55% used [0x37370000, 0x37a0f798, 0x37a0f800, 0x37f70000)

Dynamic libraries:
0x00400000 - 0x00424000 	C:\Program Files\Java\jdk1.6.0_20\jre\bin\java.exe
0x7c900000 - 0x7c9b0000 	C:\WINDOWS\system32\ntdll.dll
0x7c800000 - 0x7c8f5000 	C:\WINDOWS\system32\kernel32.dll
0x77dd0000 - 0x77e6b000 	C:\WINDOWS\system32\ADVAPI32.dll
0x77e70000 - 0x77f02000 	C:\WINDOWS\system32\RPCRT4.dll
0x77fe0000 - 0x77ff1000 	C:\WINDOWS\system32\Secur32.dll
0x7c340000 - 0x7c396000 	C:\Program Files\Java\jdk1.6.0_20\jre\bin\msvcr71.dll
0x6d8b0000 - 0x6db47000 	C:\Program Files\Java\jdk1.6.0_20\jre\bin\client\jvm.dll
0x7e410000 - 0x7e4a0000 	C:\WINDOWS\system32\USER32.dll
0x77f10000 - 0x77f57000 	C:\WINDOWS\system32\GDI32.dll
0x76b40000 - 0x76b6d000 	C:\WINDOWS\system32\WINMM.dll
0x76390000 - 0x763ad000 	C:\WINDOWS\system32\IMM32.DLL
0x6d860000 - 0x6d86c000 	C:\Program Files\Java\jdk1.6.0_20\jre\bin\verify.dll
0x6d3e0000 - 0x6d3ff000 	C:\Program Files\Java\jdk1.6.0_20\jre\bin\java.dll
0x6d340000 - 0x6d348000 	C:\Program Files\Java\jdk1.6.0_20\jre\bin\hpi.dll
0x76bf0000 - 0x76bfb000 	C:\WINDOWS\system32\PSAPI.DLL
0x6d8a0000 - 0x6d8af000 	C:\Program Files\Java\jdk1.6.0_20\jre\bin\zip.dll
0x6d6c0000 - 0x6d6d3000 	C:\Program Files\Java\jdk1.6.0_20\jre\bin\net.dll
0x71ab0000 - 0x71ac7000 	C:\WINDOWS\system32\WS2_32.dll
0x77c10000 - 0x77c68000 	C:\WINDOWS\system32\msvcrt.dll
0x71aa0000 - 0x71aa8000 	C:\WINDOWS\system32\WS2HELP.dll
0x71a50000 - 0x71a8f000 	C:\WINDOWS\System32\mswsock.dll
0x76f20000 - 0x76f47000 	C:\WINDOWS\system32\DNSAPI.dll
0x76fb0000 - 0x76fb8000 	C:\WINDOWS\System32\winrnr.dll
0x76f60000 - 0x76f8c000 	C:\WINDOWS\system32\WLDAP32.dll
0x64000000 - 0x64025000 	C:\Program Files\Bonjour\mdnsNSP.dll
0x76d60000 - 0x76d79000 	C:\WINDOWS\system32\Iphlpapi.dll
0x76fc0000 - 0x76fc6000 	C:\WINDOWS\system32\rasadhlp.dll
0x662b0000 - 0x66308000 	C:\WINDOWS\system32\hnetcfg.dll
0x71a90000 - 0x71a98000 	C:\WINDOWS\System32\wshtcpip.dll
0x0ffd0000 - 0x0fff8000 	C:\WINDOWS\system32\rsaenh.dll
0x769c0000 - 0x76a73000 	C:\WINDOWS\system32\USERENV.dll
0x5b860000 - 0x5b8b4000 	C:\WINDOWS\system32\netapi32.dll
0x6d0b0000 - 0x6d1fa000 	C:\Program Files\Java\jdk1.6.0_20\jre\bin\awt.dll
0x73000000 - 0x73026000 	C:\WINDOWS\system32\WINSPOOL.DRV
0x774e0000 - 0x7761d000 	C:\WINDOWS\system32\ole32.dll
0x773d0000 - 0x774d3000 	C:\WINDOWS\WinSxS\x86_Microsoft.Windows.Common-Controls_6595b64144ccf1df_6.0.2600.2982_x-ww_ac3f9c03\COMCTL32.dll
0x77f60000 - 0x77fd6000 	C:\WINDOWS\system32\SHLWAPI.dll
0x5ad70000 - 0x5ada8000 	C:\WINDOWS\system32\uxtheme.dll
0x6d2e0000 - 0x6d334000 	C:\Program Files\Java\jdk1.6.0_20\jre\bin\fontmanager.dll

VM Arguments:
jvm_args: -Xmx256M 
java_command: com.google.gwt.dev.Compiler -war C:\MYCAT\prog\TranslationText\build\web -style OBF -localWorkers 1 -logLevel WARN simple.TranslationText.Main
Launcher Type: SUN_STANDARD

Environment Variables:
PATH=C:\WINDOWS\system32;C:\WINDOWS;C:\WINDOWS\System32\Wbem
USERNAME=Administrator
OS=Windows_NT
PROCESSOR_IDENTIFIER=x86 Family 6 Model 37 Stepping 2, GenuineIntel



---------------  S Y S T E M  ---------------

OS: Windows XP Build 2600 Service Pack 2

CPU:total 2 (1 cores per cpu, 1 threads per core) family 6 model 37 stepping 2, cmov, cx8, fxsr, mmx, sse, sse2, sse3, ssse3, sse4.1, sse4.2, popcnt

Memory: 4k page, physical 1682924k(11656k free), swap 2315376k(11320k free)

vm_info: Java HotSpot(TM) Client VM (16.3-b01) for windows-x86 JRE (1.6.0_20-b02), built on Apr 12 2010 13:52:23 by "java_re" with MS VC++ 7.1 (VS2003)

time: Thu Jun 30 18:45:51 2011
elapsed time: 58 seconds

