#
# A fatal error has been detected by the Java Runtime Environment:
#
# java.lang.OutOfMemoryError: requested 32756 bytes for ChunkPool::allocate. Out of swap space?
#
#  Internal Error (allocation.cpp:117), pid=3212, tid=2812
#  Error: ChunkPool::allocate
#
# JRE version: 6.0_20-b02
# Java VM: Java HotSpot(TM) Client VM (16.3-b01 mixed mode, sharing windows-x86 )
# If you would like to submit a bug report, please visit:
#   http://java.sun.com/webapps/bugreport/crash.jsp
#

---------------  T H R E A D  ---------------

Current thread (0x02b07c00):  JavaThread "CompilerThread0" daemon [_thread_in_native, id=2812, stack(0x02d70000,0x02dc0000)]

Stack: [0x02d70000,0x02dc0000],  sp=0x02dbf97c,  free space=13e02dbf98ck
Native frames: (J=compiled Java code, j=interpreted, Vv=VM code, C=native code)
V  [jvm.dll+0x1f4180]
V  [jvm.dll+0xa1ebc]
V  [jvm.dll+0x27d6]
V  [jvm.dll+0x29d2]
V  [jvm.dll+0x2bd3]
V  [jvm.dll+0x19ee33]
V  [jvm.dll+0x5fdd3]
V  [jvm.dll+0x60224]
V  [jvm.dll+0x275bb]
V  [jvm.dll+0x27add]
V  [jvm.dll+0x27c08]
V  [jvm.dll+0x27d71]
V  [jvm.dll+0x27e84]
V  [jvm.dll+0x86109]
V  [jvm.dll+0x86bef]
V  [jvm.dll+0x1ddb14]
V  [jvm.dll+0x17f96c]
C  [msvcr71.dll+0x9565]
C  [kernel32.dll+0xb683]


Current CompileTask:
C1:2165      org.eclipse.jdt.internal.compiler.ClassFile.completeCodeAttributeForClinit(I)V (5745 bytes)


---------------  P R O C E S S  ---------------

Java Threads: ( => current thread )
  0x036b0400 JavaThread "Java2D Disposer" daemon [_thread_blocked, id=3488, stack(0x03a00000,0x03a50000)]
  0x030c5400 JavaThread "com.google.gwt.thirdparty.guava.common.base.internal.Finalizer" daemon [_thread_blocked, id=440, stack(0x03270000,0x032c0000)]
  0x02b0e400 JavaThread "Low Memory Detector" daemon [_thread_blocked, id=228, stack(0x02dc0000,0x02e10000)]
=>0x02b07c00 JavaThread "CompilerThread0" daemon [_thread_in_native, id=2812, stack(0x02d70000,0x02dc0000)]
  0x02b06400 JavaThread "Attach Listener" daemon [_thread_blocked, id=3876, stack(0x02d20000,0x02d70000)]
  0x02b05000 JavaThread "Signal Dispatcher" daemon [_thread_blocked, id=1064, stack(0x02cd0000,0x02d20000)]
  0x02afd000 JavaThread "Finalizer" daemon [_thread_blocked, id=1712, stack(0x02c80000,0x02cd0000)]
  0x02afbc00 JavaThread "Reference Handler" daemon [_thread_blocked, id=3004, stack(0x02c30000,0x02c80000)]
  0x002a7000 JavaThread "main" [_thread_in_native, id=2904, stack(0x008c0000,0x00910000)]

Other Threads:
  0x02afa400 VMThread [stack: 0x02be0000,0x02c30000] [id=1484]
  0x02b10400 WatcherThread [stack: 0x02e10000,0x02e60000] [id=1080]

VM state:not at safepoint (normal execution)

VM Mutex/Monitor currently owned by a thread: None

Heap
 def new generation   total 47296K, used 11027K [0x22970000, 0x25cc0000, 0x27ec0000)
  eden space 42048K,  14% used [0x22970000, 0x22f67448, 0x25280000)
  from space 5248K,  93% used [0x25280000, 0x2574da18, 0x257a0000)
  to   space 5248K,   0% used [0x257a0000, 0x257a0000, 0x25cc0000)
 tenured generation   total 137520K, used 134695K [0x27ec0000, 0x3050c000, 0x32970000)
   the space 137520K,  97% used [0x27ec0000, 0x30249ed0, 0x3024a000, 0x3050c000)
 compacting perm gen  total 12288K, used 6670K [0x32970000, 0x33570000, 0x36970000)
   the space 12288K,  54% used [0x32970000, 0x32ff39f8, 0x32ff3a00, 0x33570000)
    ro space 10240K,  54% used [0x36970000, 0x36eeb760, 0x36eeb800, 0x37370000)
    rw space 12288K,  55% used [0x37370000, 0x37a0f798, 0x37a0f800, 0x37f70000)

Dynamic libraries:
0x00400000 - 0x00424000 	C:\Program Files\Java\jdk1.6.0_20\jre\bin\java.exe
0x7c900000 - 0x7c9b0000 	C:\WINDOWS\system32\ntdll.dll
0x7c800000 - 0x7c8f5000 	C:\WINDOWS\system32\kernel32.dll
0x77dd0000 - 0x77e6b000 	C:\WINDOWS\system32\ADVAPI32.dll
0x77e70000 - 0x77f02000 	C:\WINDOWS\system32\RPCRT4.dll
0x77fe0000 - 0x77ff1000 	C:\WINDOWS\system32\Secur32.dll
0x7c340000 - 0x7c396000 	C:\Program Files\Java\jdk1.6.0_20\jre\bin\msvcr71.dll
0x6d8b0000 - 0x6db47000 	C:\Program Files\Java\jdk1.6.0_20\jre\bin\client\jvm.dll
0x7e410000 - 0x7e4a0000 	C:\WINDOWS\system32\USER32.dll
0x77f10000 - 0x77f57000 	C:\WINDOWS\system32\GDI32.dll
0x76b40000 - 0x76b6d000 	C:\WINDOWS\system32\WINMM.dll
0x76390000 - 0x763ad000 	C:\WINDOWS\system32\IMM32.DLL
0x6d860000 - 0x6d86c000 	C:\Program Files\Java\jdk1.6.0_20\jre\bin\verify.dll
0x6d3e0000 - 0x6d3ff000 	C:\Program Files\Java\jdk1.6.0_20\jre\bin\java.dll
0x6d340000 - 0x6d348000 	C:\Program Files\Java\jdk1.6.0_20\jre\bin\hpi.dll
0x76bf0000 - 0x76bfb000 	C:\WINDOWS\system32\PSAPI.DLL
0x6d8a0000 - 0x6d8af000 	C:\Program Files\Java\jdk1.6.0_20\jre\bin\zip.dll
0x67600000 - 0x67609000 	C:\MYCAT\GWT\gwt-2.1.0\gwt-ll.dll
0x42c10000 - 0x42ce0000 	C:\WINDOWS\system32\wininet.dll
0x77c10000 - 0x77c68000 	C:\WINDOWS\system32\msvcrt.dll
0x77f60000 - 0x77fd6000 	C:\WINDOWS\system32\SHLWAPI.dll
0x02eb0000 - 0x02eb9000 	C:\WINDOWS\system32\Normaliz.dll
0x42990000 - 0x429d5000 	C:\WINDOWS\system32\iertutil.dll
0x773d0000 - 0x774d3000 	C:\WINDOWS\WinSxS\x86_Microsoft.Windows.Common-Controls_6595b64144ccf1df_6.0.2600.2982_x-ww_ac3f9c03\comctl32.dll
0x7c9c0000 - 0x7d1d6000 	C:\WINDOWS\system32\SHELL32.dll
0x71ab0000 - 0x71ac7000 	C:\WINDOWS\system32\ws2_32.dll
0x71aa0000 - 0x71aa8000 	C:\WINDOWS\system32\WS2HELP.dll
0x76ee0000 - 0x76f1c000 	C:\WINDOWS\system32\RASAPI32.dll
0x76e90000 - 0x76ea2000 	C:\WINDOWS\system32\rasman.dll
0x5b860000 - 0x5b8b4000 	C:\WINDOWS\system32\NETAPI32.dll
0x76eb0000 - 0x76edf000 	C:\WINDOWS\system32\TAPI32.dll
0x76e80000 - 0x76e8e000 	C:\WINDOWS\system32\rtutils.dll
0x769c0000 - 0x76a73000 	C:\WINDOWS\system32\USERENV.dll
0x77c70000 - 0x77c93000 	C:\WINDOWS\system32\msv1_0.dll
0x76d60000 - 0x76d79000 	C:\WINDOWS\system32\iphlpapi.dll
0x722b0000 - 0x722b5000 	C:\WINDOWS\system32\sensapi.dll
0x71a50000 - 0x71a8f000 	C:\WINDOWS\System32\mswsock.dll
0x76fc0000 - 0x76fc6000 	C:\WINDOWS\system32\rasadhlp.dll
0x76f20000 - 0x76f47000 	C:\WINDOWS\system32\DNSAPI.dll
0x64000000 - 0x64025000 	C:\Program Files\Bonjour\mdnsNSP.dll
0x662b0000 - 0x66308000 	C:\WINDOWS\system32\hnetcfg.dll
0x71a90000 - 0x71a98000 	C:\WINDOWS\System32\wshtcpip.dll
0x0ffd0000 - 0x0fff8000 	C:\WINDOWS\system32\rsaenh.dll
0x6d6c0000 - 0x6d6d3000 	C:\Program Files\Java\jdk1.6.0_20\jre\bin\net.dll
0x76fb0000 - 0x76fb8000 	C:\WINDOWS\System32\winrnr.dll
0x76f60000 - 0x76f8c000 	C:\WINDOWS\system32\WLDAP32.dll
0x6d0b0000 - 0x6d1fa000 	C:\Program Files\Java\jdk1.6.0_20\jre\bin\awt.dll
0x73000000 - 0x73026000 	C:\WINDOWS\system32\WINSPOOL.DRV
0x774e0000 - 0x7761d000 	C:\WINDOWS\system32\ole32.dll
0x5ad70000 - 0x5ada8000 	C:\WINDOWS\system32\uxtheme.dll
0x6d2e0000 - 0x6d334000 	C:\Program Files\Java\jdk1.6.0_20\jre\bin\fontmanager.dll

VM Arguments:
jvm_args: -Xmx256M 
java_command: com.google.gwt.dev.Compiler -war C:\MYCAT\prog\TranslationText\build\web -style OBF -localWorkers 1 -logLevel WARN simple.TranslationText.Main
Launcher Type: SUN_STANDARD

Environment Variables:
PATH=C:\WINDOWS\system32;C:\WINDOWS;C:\WINDOWS\System32\Wbem
USERNAME=Administrator
OS=Windows_NT
PROCESSOR_IDENTIFIER=x86 Family 6 Model 37 Stepping 2, GenuineIntel



---------------  S Y S T E M  ---------------

OS: Windows XP Build 2600 Service Pack 2

CPU:total 2 (1 cores per cpu, 1 threads per core) family 6 model 37 stepping 2, cmov, cx8, fxsr, mmx, sse, sse2, sse3, ssse3, sse4.1, sse4.2, popcnt

Memory: 4k page, physical 1682924k(217960k free), swap 2315376k(5156k free)

vm_info: Java HotSpot(TM) Client VM (16.3-b01) for windows-x86 JRE (1.6.0_20-b02), built on Apr 12 2010 13:52:23 by "java_re" with MS VC++ 7.1 (VS2003)

time: Wed May 25 18:02:06 2011
elapsed time: 21 seconds

